parabol_webview/android/app/build/outputs/mapping/release/seeds.txt
com.example.parabol_webview.MainActivity
com.example.parabol_webview.MainActivity: MainActivity()
...
io.flutter.embedding.engine.systemchannels.SettingsChannel: io.flutter.embedding.engine.systemchannels.SettingsChannel$MessageBuilder startMessage()
io.flutter.embedding.engine.deferredcomponents.PlayStoreDeferredComponentManager: boolean verifyJNI()
io.flutter.embedding.android.FlutterFragment: boolean shouldDestroyEngineWithHost()
io.flutter.plugins.webviewflutter.WebViewProxyApi: void goForward(android.webkit.WebView)
io.flutter.plugins.webviewflutter.WebViewProxyApi: void goBack(android.webkit.WebView)
org.chromium.support_lib_boundary.VisualStateCallbackBoundaryInterface: void onComplete(long)
io.flutter.embedding.engine.FlutterJNI: void setDeferredComponentManager(io.flutter.embedding.engine.deferredcomponents.DeferredComponentManager)
androidx.browser.customtabs.Api33Impl: java.lang.Object getParcelable(android.os.Bundle,java.lang.String,java.lang.Class)
org.chromium.support_lib_boundary.WebViewCookieManagerBoundaryInterface: java.util.List getCookieInfo(java.lang.String)
io.flutter.plugins.webviewflutter.PigeonApiClientCertRequest: void cancel(android.webkit.ClientCertRequest)
androidx.core.app.JobIntentService: void processorFinished()
io.flutter.plugins.webviewflutter.HttpAuthHandlerProxyApi: HttpAuthHandlerProxyApi(io.flutter.plugins.webviewflutter.ProxyApiRegistrar)
io.flutter.embedding.engine.FlutterJNI: void nativeDispatchPointerDataPacket(long,java.nio.ByteBuffer,int)
io.flutter.embedding.engine.plugins.FlutterPlugin$FlutterPluginBinding: io.flutter.embedding.engine.plugins.FlutterPlugin$FlutterAssets getFlutterAssets()
org.chromium.support_lib_boundary.WebResourceRequestBoundaryInterface: boolean isRedirect()
io.flutter.plugins.webviewflutter.PigeonApiWebView$Companion: void setUpMessageHandlers$lambda$39$lambda$38(io.flutter.plugins.webviewflutter.PigeonApiWebView,java.lang.Object,io.flutter.plugin.common.BasicMessageChannel$Reply)
io.flutter.embedding.android.FlutterFragment: void onActivityResult(int,int,android.content.Intent)
io.flutter.embedding.engine.systemchannels.PlatformChannel$PlatformMessageHandler: void showSystemUiMode(io.flutter.embedding.engine.systemchannels.PlatformChannel$SystemUiMode)
io.flutter.plugin.common.JSONUtil: JSONUtil()
androidx.core.view.WindowInsetsCompat$BuilderImpl29: void setTappableElementInsets(androidx.core.graphics.Insets)
io.flutter.embedding.engine.renderer.SurfaceTextureWrapper: void updateTexImage()
io.flutter.embedding.engine.renderer.RenderSurface: io.flutter.embedding.engine.renderer.FlutterRenderer getAttachedRenderer()
org.chromium.support_lib_boundary.ProfileBoundaryInterface: void prefetchUrl(java.lang.String,android.webkit.ValueCallback)
com.google.android.play.core.tasks.zzi: com.google.android.play.core.tasks.Task zza()
io.flutter.plugins.webviewflutter.AndroidWebkitLibraryPigeonInstanceManagerApi$Companion: io.flutter.plugin.common.MessageCodec getCodec()
io.flutter.plugin.editing.InputConnectionAdaptor: boolean performEditorAction(int)
io.flutter.embedding.android.KeyboardMap: io.flutter.embedding.android.KeyboardMap$TogglingGoal[] getTogglingGoals()
io.flutter.plugins.webviewflutter.WebSettingsProxyApi: void setSupportZoom(android.webkit.WebSettings,boolean)
io.flutter.view.AccessibilityBridge: AccessibilityBridge(android.view.View,io.flutter.embedding.engine.systemchannels.AccessibilityChannel,android.view.accessibility.AccessibilityManager,android.content.ContentResolver,io.flutter.view.AccessibilityViewEmbedder,io.flutter.plugin.platform.PlatformViewsAccessibilityDelegate)
io.flutter.embedding.engine.FlutterJNI$Factory: io.flutter.embedding.engine.FlutterJNI provideFlutterJNI()
androidx.window.layout.adapter.sidecar.SidecarCompat: void setExtensionCallback(androidx.window.layout.adapter.sidecar.ExtensionInterfaceCompat$ExtensionCallbackInterface)
io.flutter.embedding.android.FlutterActivityAndFragmentDelegate: void onDestroyView()